


ARM Macro Assembler    Page 1 


    1 00000000                 AREA             RESET, DATA, READONLY
    2 00000000                 EXPORT           __Vectors
    3 00000000         __Vectors
    4 00000000 10001010        DCD              0x10001010
    5 00000004 00000000        DCD              Reset_Handler
    6 00000008                 ALIGN
    7 00000008                 AREA             MyCode, CODE, READONLY
    8 00000000                 ENTRY
    9 00000000                 EXPORT           Reset_Handler
   10 00000000         
   11 00000000         Reset_Handler
   12 00000000 4909            LDR              R1, =a
   13 00000002 680A            LDR              R2, [R1]
   14 00000004 4909            LDR              R1, =b
   15 00000006 680B            LDR              R3, [R1]
   16 00000008         
   17 00000008         loop
   18 00000008 429A            CMP              R2, R3
   19 0000000A D006            BEQ              e
   20 0000000C DC02            BGT              l1
   21 0000000E EBA3 0302       SUB              R3, R3, R2
   22 00000012 E7F9            B                loop
   23 00000014         l1
   24 00000014 EBA2 0203       SUB              R2, R2, R3
   25 00000018 E7F6            B                loop
   26 0000001A         e
   27 0000001A 4905            LDR              R1, =result
   28 0000001C 600A            STR              R2, [R1]
   29 0000001E         STOP
   30 0000001E E7FE            B                STOP
   31 00000020 00000030 
                       a       DCD              48
   32 00000024 00000012 
                       b       DCD              18
   33 00000028 00000000 
              00000000 
              00000000         AREA             MyData, DATA, READWRITE
   34 00000000 00000000 
                       result  DCD              0
   35 00000004                 ALIGN
   36 00000004         
   37 00000004                 END
Command Line: --debug --xref --cpu=Cortex-M3 --apcs=interwork --depend=.\gcd.d 
-o.\gcd.o -IC:\Keil\ARM\RV31\INC -IC:\Keil\ARM\CMSIS\Include -IC:\Keil\ARM\Inc\
NXP\LPC17xx --predefine="__EVAL SETA 1" --list=.\gcd.lst gcd.asm



ARM Macro Assembler    Page 1 Alphabetic symbol ordering
Relocatable symbols

RESET 00000000

Symbol: RESET
   Definitions
      At line 1 in file gcd.asm
   Uses
      None
Comment: RESET unused
__Vectors 00000000

Symbol: __Vectors
   Definitions
      At line 3 in file gcd.asm
   Uses
      At line 2 in file gcd.asm
Comment: __Vectors used once
2 symbols



ARM Macro Assembler    Page 1 Alphabetic symbol ordering
Relocatable symbols

MyCode 00000000

Symbol: MyCode
   Definitions
      At line 7 in file gcd.asm
   Uses
      None
Comment: MyCode unused
Reset_Handler 00000000

Symbol: Reset_Handler
   Definitions
      At line 11 in file gcd.asm
   Uses
      At line 5 in file gcd.asm
      At line 9 in file gcd.asm

STOP 0000001E

Symbol: STOP
   Definitions
      At line 29 in file gcd.asm
   Uses
      At line 30 in file gcd.asm
Comment: STOP used once
a 00000020

Symbol: a
   Definitions
      At line 31 in file gcd.asm
   Uses
      At line 12 in file gcd.asm
Comment: a used once
b 00000024

Symbol: b
   Definitions
      At line 32 in file gcd.asm
   Uses
      At line 14 in file gcd.asm
Comment: b used once
e 0000001A

Symbol: e
   Definitions
      At line 26 in file gcd.asm
   Uses
      At line 19 in file gcd.asm
Comment: e used once
l1 00000014

Symbol: l1
   Definitions
      At line 23 in file gcd.asm
   Uses
      At line 20 in file gcd.asm
Comment: l1 used once
loop 00000008




ARM Macro Assembler    Page 2 Alphabetic symbol ordering
Relocatable symbols

Symbol: loop
   Definitions
      At line 17 in file gcd.asm
   Uses
      At line 22 in file gcd.asm
      At line 25 in file gcd.asm

8 symbols



ARM Macro Assembler    Page 1 Alphabetic symbol ordering
Relocatable symbols

MyData 00000000

Symbol: MyData
   Definitions
      At line 33 in file gcd.asm
   Uses
      None
Comment: MyData unused
result 00000000

Symbol: result
   Definitions
      At line 34 in file gcd.asm
   Uses
      At line 27 in file gcd.asm
Comment: result used once
2 symbols
345 symbols in table
