


ARM Macro Assembler    Page 1 


    1 00000000                 AREA             RESET, DATA, READONLY
    2 00000000                 EXPORT           __Vectors
    3 00000000         __Vectors
    4 00000000 10001000        DCD              0x10001000
    5 00000004 00000000        DCD              Reset_Handler
    6 00000008                 ALIGN
    7 00000008                 AREA             MyCode, CODE, READONLY
    8 00000000                 ENTRY
    9 00000000                 EXPORT           Reset_Handler
   10 00000000         
   11 00000000         Reset_Handler
   12 00000000 4909            LDR              R1, =n
   13 00000002 680A            LDR              R2, [R1]
   14 00000004 F04F 0300       MOV              R3, #0
   15 00000008 F04F 0401       MOV              R4, #1
   16 0000000C         loop
   17 0000000C 4294            CMP              R4, R2
   18 0000000E DC06            BGT              r
   19 00000010 F04F 0501       MOV              R5, #1
   20 00000014 FB04 3305       MLA              R3, R4, R5, R3
   21 00000018 F104 0401       ADD              R4, R4, #1
   22 0000001C E7F6            B                loop
   23 0000001E         r
   24 0000001E 4903            LDR              R1, =res
   25 00000020 600B            STR              R3, [R1]
   26 00000022         STOP
   27 00000022 E7FE            B                STOP
   28 00000024 0000000A 
                       n       DCD              10
   29 00000028 00000000 
              00000000         AREA             MyData, DATA, READWRITE
   30 00000000 00000000 
                       res     DCD              0
   31 00000004                 ALIGN
                       
Command Line: --debug --xref --cpu=Cortex-M3 --apcs=interwork --depend=.\sumusi
ngmla.d -o.\sumusingmla.o -IC:\Keil\ARM\RV31\INC -IC:\Keil\ARM\CMSIS\Include -I
C:\Keil\ARM\Inc\NXP\LPC17xx --predefine="__EVAL SETA 1" --list=.\sumusingmla.ls
t sumUsingMLA.asm



ARM Macro Assembler    Page 1 Alphabetic symbol ordering
Relocatable symbols

RESET 00000000

Symbol: RESET
   Definitions
      At line 1 in file sumUsingMLA.asm
   Uses
      None
Comment: RESET unused
__Vectors 00000000

Symbol: __Vectors
   Definitions
      At line 3 in file sumUsingMLA.asm
   Uses
      At line 2 in file sumUsingMLA.asm
Comment: __Vectors used once
2 symbols



ARM Macro Assembler    Page 1 Alphabetic symbol ordering
Relocatable symbols

MyCode 00000000

Symbol: MyCode
   Definitions
      At line 7 in file sumUsingMLA.asm
   Uses
      None
Comment: MyCode unused
Reset_Handler 00000000

Symbol: Reset_Handler
   Definitions
      At line 11 in file sumUsingMLA.asm
   Uses
      At line 5 in file sumUsingMLA.asm
      At line 9 in file sumUsingMLA.asm

STOP 00000022

Symbol: STOP
   Definitions
      At line 26 in file sumUsingMLA.asm
   Uses
      At line 27 in file sumUsingMLA.asm
Comment: STOP used once
loop 0000000C

Symbol: loop
   Definitions
      At line 16 in file sumUsingMLA.asm
   Uses
      At line 22 in file sumUsingMLA.asm
Comment: loop used once
n 00000024

Symbol: n
   Definitions
      At line 28 in file sumUsingMLA.asm
   Uses
      At line 12 in file sumUsingMLA.asm
Comment: n used once
r 0000001E

Symbol: r
   Definitions
      At line 23 in file sumUsingMLA.asm
   Uses
      At line 18 in file sumUsingMLA.asm
Comment: r used once
6 symbols



ARM Macro Assembler    Page 1 Alphabetic symbol ordering
Relocatable symbols

MyData 00000000

Symbol: MyData
   Definitions
      At line 29 in file sumUsingMLA.asm
   Uses
      None
Comment: MyData unused
res 00000000

Symbol: res
   Definitions
      At line 30 in file sumUsingMLA.asm
   Uses
      At line 24 in file sumUsingMLA.asm
Comment: res used once
2 symbols
343 symbols in table
