


ARM Macro Assembler    Page 1 


    1 00000000                 AREA             RESET, DATA, READONLY
    2 00000000                 EXPORT           __Vectors
    3 00000000         __Vectors
    4 00000000 10001010        DCD              0x10001010
    5 00000004 00000000        DCD              Reset_Handler
    6 00000008                 ALIGN
    7 00000008                 AREA             MyCode, CODE, READONLY
    8 00000000                 ENTRY
    9 00000000                 EXPORT           Reset_Handler
   10 00000000         Reset_Handler
   11 00000000 4815            LDR              R0, = Src
   12 00000002 4916            LDR              R1, = DST
   13 00000004 F810 2B01       LDRB             R2, [R0], # 1
   14 00000008 F801 2B01       STRB             R2, [R1], # 1
   15 0000000C F810 2B01       LDRB             R2, [R0], # 1
   16 00000010 F801 2B01       STRB             R2, [R1], # 1
   17 00000014 F810 2B01       LDRB             R2, [R0], # 1
   18 00000018 F801 2B01       STRB             R2, [R1], # 1
   19 0000001C F810 2B01       LDRB             R2, [R0], # 1
   20 00000020 F801 2B01       STRB             R2, [R1], # 1
   21 00000024 F810 2B01       LDRB             R2, [R0], # 1
   22 00000028 F801 2B01       STRB             R2, [R1], # 1
   23 0000002C F810 2B01       LDRB             R2, [R0], # 1
   24 00000030 F801 2B01       STRB             R2, [R1], # 1
   25 00000034 F810 2B01       LDRB             R2, [R0], # 1
   26 00000038 F801 2B01       STRB             R2, [R1], # 1
   27 0000003C F810 2B01       LDRB             R2, [R0], # 1
   28 00000040 F801 2B01       STRB             R2, [R1], # 1
   29 00000044 F810 2B01       LDRB             R2, [R0], # 1
   30 00000048 F801 2B01       STRB             R2, [R1], # 1
   31 0000004C E7FE    STOP    B                STOP
   32 0000004E 12 34 56 
              78 AB CD 
              EF 12 75 Src     DCB              0x12, 0x34, 0x56, 0x78, 0xAB, 0
xCD, 0xEF, 0x12, 0x75
   33 00000057 00 00000000 
              00000000         AREA             Datacode, DATA, READWRITE
   34 00000000 00 00   DST     DCB              0, 0
                       
Command Line: --debug --xref --cpu=Cortex-M3 --apcs=interwork --depend=demoTria
l2.d -odemoTrial2.o -IC:\Keil\ARM\RV31\INC -IC:\Keil\ARM\CMSIS\Include -IC:\Kei
l\ARM\Inc\NXP\LPC17xx --predefine="__EVAL SETA 1" --list=demoTrial2.lst demoTri
al2.asm



ARM Macro Assembler    Page 1 Alphabetic symbol ordering
Relocatable symbols

RESET 00000000

Symbol: RESET
   Definitions
      At line 1 in file demoTrial2.asm
   Uses
      None
Comment: RESET unused
__Vectors 00000000

Symbol: __Vectors
   Definitions
      At line 3 in file demoTrial2.asm
   Uses
      At line 2 in file demoTrial2.asm
Comment: __Vectors used once
2 symbols



ARM Macro Assembler    Page 1 Alphabetic symbol ordering
Relocatable symbols

MyCode 00000000

Symbol: MyCode
   Definitions
      At line 7 in file demoTrial2.asm
   Uses
      None
Comment: MyCode unused
Reset_Handler 00000000

Symbol: Reset_Handler
   Definitions
      At line 10 in file demoTrial2.asm
   Uses
      At line 5 in file demoTrial2.asm
      At line 9 in file demoTrial2.asm

STOP 0000004C

Symbol: STOP
   Definitions
      At line 31 in file demoTrial2.asm
   Uses
      At line 31 in file demoTrial2.asm
Comment: STOP used once
Src 0000004E

Symbol: Src
   Definitions
      At line 32 in file demoTrial2.asm
   Uses
      At line 11 in file demoTrial2.asm
Comment: Src used once
4 symbols



ARM Macro Assembler    Page 1 Alphabetic symbol ordering
Relocatable symbols

DST 00000000

Symbol: DST
   Definitions
      At line 34 in file demoTrial2.asm
   Uses
      At line 12 in file demoTrial2.asm
Comment: DST used once
Datacode 00000000

Symbol: Datacode
   Definitions
      At line 33 in file demoTrial2.asm
   Uses
      None
Comment: Datacode unused
2 symbols
341 symbols in table
