


ARM Macro Assembler    Page 1 


    1 00000000                 AREA             RESET, DATA, READONLY
    2 00000000                 EXPORT           __Vectors
    3 00000000         __Vectors
    4 00000000 10001000        DCD              0x10001000
    5 00000004 00000000        DCD              Reset_Handler
    6 00000008                 ALIGN
    7 00000008                 AREA             Mycode,  CODE, READONLY
    8 00000000                 ENTRY
    9 00000000                 EXPORT           Reset_Handler
   10 00000000         Reset_Handler
   11 00000000 F04F 000A       MOV              R0, # 10
   12 00000004 F04F 0110       MOV              R1, # 0x10
   13 00000008 F04F 0202       MOV              R2, # 2_10
   14 0000000C F04F 0305       MOV              R3, # 5_10
   15 00000010 F04F 34FF       MOV              R4, # -1
   16 00000014 4D00            LDR              R5,= 0x12345
   17 00000016 E7FE    STOP    B                STOP
   18 00000018                 END
              00012345 
Command Line: --debug --xref --cpu=Cortex-M3 --apcs=interwork --depend=demoTria
l.d -odemoTrial.o -IC:\Keil\ARM\RV31\INC -IC:\Keil\ARM\CMSIS\Include -IC:\Keil\
ARM\Inc\NXP\LPC17xx --predefine="__EVAL SETA 1" --list=demoTrial.lst demoTrial.
asm



ARM Macro Assembler    Page 1 Alphabetic symbol ordering
Relocatable symbols

RESET 00000000

Symbol: RESET
   Definitions
      At line 1 in file demoTrial.asm
   Uses
      None
Comment: RESET unused
__Vectors 00000000

Symbol: __Vectors
   Definitions
      At line 3 in file demoTrial.asm
   Uses
      At line 2 in file demoTrial.asm
Comment: __Vectors used once
2 symbols



ARM Macro Assembler    Page 1 Alphabetic symbol ordering
Relocatable symbols

Mycode 00000000

Symbol: Mycode
   Definitions
      At line 7 in file demoTrial.asm
   Uses
      None
Comment: Mycode unused
Reset_Handler 00000000

Symbol: Reset_Handler
   Definitions
      At line 10 in file demoTrial.asm
   Uses
      At line 5 in file demoTrial.asm
      At line 9 in file demoTrial.asm

STOP 00000016

Symbol: STOP
   Definitions
      At line 17 in file demoTrial.asm
   Uses
      At line 17 in file demoTrial.asm
Comment: STOP used once
3 symbols
338 symbols in table
