


ARM Macro Assembler    Page 1 


    1 00000000                 AREA             RESET, DATA, READONLY
    2 00000000                 EXPORT           __Vectors
    3 00000000         __Vectors
    4 00000000 40001000        DCD              0x40001000
    5 00000004 00000000        DCD              Reset_Handler
    6 00000008                 ALIGN
    7 00000008                 AREA             Program, CODE, READONLY
    8 00000000                 ENTRY
    9 00000000                 EXPORT           Reset_Handler
   10 00000000         
   11 00000000         Reset_Handler
   12 00000000 F04F 000A       MOV              R0, #10
   13 00000004 F04F 0103       MOV              R1, #3
   14 00000008 4408            ADD              R0, R0, R1
   15 0000000A         STOP
   16 0000000A E7FE            B                STOP
   17 0000000C                 END
Command Line: --debug --xref --cpu=Cortex-M3 --apcs=interwork --depend=.\proble
m1.d -o.\problem1.o -IC:\Keil\ARM\RV31\INC -IC:\Keil\ARM\CMSIS\Include -IC:\Kei
l\ARM\Inc\NXP\LPC17xx --predefine="__EVAL SETA 1" --list=.\problem1.lst problem
1.asm



ARM Macro Assembler    Page 1 Alphabetic symbol ordering
Relocatable symbols

RESET 00000000

Symbol: RESET
   Definitions
      At line 1 in file problem1.asm
   Uses
      None
Comment: RESET unused
__Vectors 00000000

Symbol: __Vectors
   Definitions
      At line 3 in file problem1.asm
   Uses
      At line 2 in file problem1.asm
Comment: __Vectors used once
2 symbols



ARM Macro Assembler    Page 1 Alphabetic symbol ordering
Relocatable symbols

Program 00000000

Symbol: Program
   Definitions
      At line 7 in file problem1.asm
   Uses
      None
Comment: Program unused
Reset_Handler 00000000

Symbol: Reset_Handler
   Definitions
      At line 11 in file problem1.asm
   Uses
      At line 5 in file problem1.asm
      At line 9 in file problem1.asm

STOP 0000000A

Symbol: STOP
   Definitions
      At line 15 in file problem1.asm
   Uses
      At line 16 in file problem1.asm
Comment: STOP used once
3 symbols
336 symbols in table
