


ARM Macro Assembler    Page 1 


    1 00000000                 AREA             MyCode, CODE, READONLY
    2 00000000                 EXPORT           __Vectors
    3 00000000         __Vectors
    4 00000000 10001010        DCD              0x10001010
    5 00000004 00000000        DCD              Reset_Handler
    6 00000008                 ALIGN
    7 00000008                 AREA             MyCode, CODE, READONLY
    8 00000008                 ENTRY
    9 00000008                 EXPORT           Reset_Handler
   10 00000008         
   11 00000008         Reset_Handler
   12 00000008 F04F 020A       MOV              R2, #10
   13 0000000C F04F 030A       MOV              R3, #10
   14 00000010 4604            MOV              R4, R0
   15 00000012 460D            MOV              R5, R1
   16 00000014         
   17 00000014         loop
   18 00000014 2D00            CMP              R5, #0
   19 00000016 D004            BEQ              done
   20 00000018 191B            ADDS             R3, R3, R4
   21 0000001A F142 0200       ADC              R2, R2, #0
   22 0000001E 1E6D            SUBS             R5, R5, #1
   23 00000020 E7F8            B                loop
   24 00000022         
   25 00000022         done
   26 00000022 F04F 060A       MOV              R6, #10
   27 00000026 F04F 0700       MOV              R7, #0
   28 0000002A         convert
   29 0000002A 42B3            CMP              R3, R6
   30 0000002C DB02            BLT              skip
   31 0000002E 1B9B            SUBS             R3, R3, R6
   32 00000030 1C7F            ADDS             R7, R7, #1
   33 00000032 E7FA            B                convert
   34 00000034         skip
   35 00000034 463B            MOV              R3, R7
   36 00000036         
   37 00000036         STOP
   38 00000036 E7FE            B                STOP
   39 00000038         
   40 00000038                 END
Command Line: --debug --xref --cpu=Cortex-M3 --apcs=interwork --depend=.\bcdmul
tiplication.d -o.\bcdmultiplication.o -IC:\Keil\ARM\RV31\INC -IC:\Keil\ARM\CMSI
S\Include -IC:\Keil\ARM\Inc\NXP\LPC17xx --predefine="__EVAL SETA 1" --list=.\bc
dmultiplication.lst bcdMultiplication.asm



ARM Macro Assembler    Page 1 Alphabetic symbol ordering
Relocatable symbols

MyCode 00000000

Symbol: MyCode
   Definitions
      At line 1 in file bcdMultiplication.asm
   Uses
      None
Comment: MyCode unused
Reset_Handler 00000008

Symbol: Reset_Handler
   Definitions
      At line 11 in file bcdMultiplication.asm
   Uses
      At line 5 in file bcdMultiplication.asm
      At line 9 in file bcdMultiplication.asm

STOP 00000036

Symbol: STOP
   Definitions
      At line 37 in file bcdMultiplication.asm
   Uses
      At line 38 in file bcdMultiplication.asm
Comment: STOP used once
__Vectors 00000000

Symbol: __Vectors
   Definitions
      At line 3 in file bcdMultiplication.asm
   Uses
      At line 2 in file bcdMultiplication.asm
Comment: __Vectors used once
convert 0000002A

Symbol: convert
   Definitions
      At line 28 in file bcdMultiplication.asm
   Uses
      At line 33 in file bcdMultiplication.asm
Comment: convert used once
done 00000022

Symbol: done
   Definitions
      At line 25 in file bcdMultiplication.asm
   Uses
      At line 19 in file bcdMultiplication.asm
Comment: done used once
loop 00000014

Symbol: loop
   Definitions
      At line 17 in file bcdMultiplication.asm
   Uses
      At line 23 in file bcdMultiplication.asm
Comment: loop used once
skip 00000034




ARM Macro Assembler    Page 2 Alphabetic symbol ordering
Relocatable symbols

Symbol: skip
   Definitions
      At line 34 in file bcdMultiplication.asm
   Uses
      At line 30 in file bcdMultiplication.asm
Comment: skip used once
8 symbols
339 symbols in table
